<?xml version="1.0" encoding="UTF-8" ?>
<testsuite tests="1" failures="0" name="com.zyt.maven.HelloTest" time="0.005" errors="0" skipped="0">
  <properties>
    <property name="java.runtime.name" value="Java(TM) SE Runtime Environment"/>
    <property name="sun.boot.library.path" value="D:\Java8\jre1.8.0_60\bin"/>
    <property name="java.vm.version" value="25.60-b23"/>
    <property name="java.vm.vendor" value="Oracle Corporation"/>
    <property name="java.vendor.url" value="http://java.oracle.com/"/>
    <property name="path.separator" value=";"/>
    <property name="guice.disable.misplaced.annotation.check" value="true"/>
    <property name="java.vm.name" value="Java HotSpot(TM) 64-Bit Server VM"/>
    <property name="file.encoding.pkg" value="sun.io"/>
    <property name="user.script" value=""/>
    <property name="user.country" value="CN"/>
    <property name="sun.java.launcher" value="SUN_STANDARD"/>
    <property name="sun.os.patch.level" value=""/>
    <property name="java.vm.specification.name" value="Java Virtual Machine Specification"/>
    <property name="user.dir" value="D:\eclipse-jee-kepler-R-win64\workspace\Parent"/>
    <property name="java.runtime.version" value="1.8.0_60-b27"/>
    <property name="java.awt.graphicsenv" value="sun.awt.Win32GraphicsEnvironment"/>
    <property name="java.endorsed.dirs" value="D:\Java8\jre1.8.0_60\lib\endorsed"/>
    <property name="os.arch" value="amd64"/>
    <property name="java.io.tmpdir" value="C:\Users\zyt\AppData\Local\Temp\"/>
    <property name="line.separator" value="
"/>
    <property name="java.vm.specification.vendor" value="Oracle Corporation"/>
    <property name="user.variant" value=""/>
    <property name="os.name" value="Windows 10"/>
    <property name="classworlds.conf" value="D:\eclipse-jee-kepler-R-win64\workspace\.metadata\.plugins\org.eclipse.m2e.launching\launches\m2conf2073810743829370664.tmp"/>
    <property name="sun.jnu.encoding" value="GBK"/>
    <property name="java.library.path" value="D:\Java8\jre1.8.0_60\bin;C:\WINDOWS\Sun\Java\bin;C:\WINDOWS\system32;C:\WINDOWS;D:/Java8/jre1.8.0_60/bin/server;D:/Java8/jre1.8.0_60/bin;D:/Java8/jre1.8.0_60/lib/amd64;D:\oracle\product\10.2.0\client_1\bin;D:\oracle\product\10.2.0\db_1\bin;D:\PHP5.2.8\;c:\gtk\bin;C:\ProgramData\Oracle\Java\javapath;C:\WINDOWS\system32;C:\WINDOWS;C:\WINDOWS\System32\Wbem;C:\WINDOWS\System32\WindowsPowerShell\v1.0\;C:\Program Files\Intel\WiFi\bin\;C:\Program Files\Common Files\Intel\WirelessCommon\;C:\Program Files (x86)\NVIDIA Corporation\PhysX\Common;D:\MySQL\MySQL Server 5.5\bin;C:\Users\zyt\AppData\Local\Microsoft\WindowsApps;D:\Java8\jdk1.8.0_60\bin;D:\Java8\jdk1.8.0_60\jre\bin;D:\Android-Dev-Env\adt-bundle-windows-x64\android-sdk-windows\platform-tools;D:\Android-Dev-Env\adt-bundle-windows-x64\android-sdk-windows\tools;C:\Users\zyt\AppData\Local\Microsoft\WindowsApps;C:\Program Files\Intel\WiFi\bin\;C:\Program Files\Common Files\Intel\WirelessCommon\;D:\Java8\jdk1.8.0_60\bin;D:\Java8\jdk1.8.0_60\jre\bin;D:\apache-maven-3.2.2\bin;D:\eclipse-jee-kepler-R-win64\eclipse;;."/>
    <property name="java.specification.name" value="Java Platform API Specification"/>
    <property name="java.class.version" value="52.0"/>
    <property name="sun.management.compiler" value="HotSpot 64-Bit Tiered Compilers"/>
    <property name="os.version" value="10.0"/>
    <property name="user.home" value="C:\Users\zyt"/>
    <property name="user.timezone" value="Asia/Shanghai"/>
    <property name="java.awt.printerjob" value="sun.awt.windows.WPrinterJob"/>
    <property name="java.specification.version" value="1.8"/>
    <property name="file.encoding" value="UTF-8"/>
    <property name="user.name" value="zyt"/>
    <property name="java.class.path" value="D:\apache-maven-3.2.2\boot\plexus-classworlds-2.5.1.jar"/>
    <property name="org.slf4j.simpleLogger.defaultLogLevel" value="info"/>
    <property name="java.vm.specification.version" value="1.8"/>
    <property name="sun.arch.data.model" value="64"/>
    <property name="java.home" value="D:\Java8\jre1.8.0_60"/>
    <property name="sun.java.command" value="org.codehaus.classworlds.Launcher -B -s D:\apache-maven-3.2.2\conf\settings.xml install"/>
    <property name="java.specification.vendor" value="Oracle Corporation"/>
    <property name="user.language" value="zh"/>
    <property name="awt.toolkit" value="sun.awt.windows.WToolkit"/>
    <property name="java.vm.info" value="mixed mode"/>
    <property name="java.version" value="1.8.0_60"/>
    <property name="java.ext.dirs" value="D:\Java8\jre1.8.0_60\lib\ext;C:\WINDOWS\Sun\Java\lib\ext"/>
    <property name="sun.boot.class.path" value="D:\Java8\jre1.8.0_60\lib\resources.jar;D:\Java8\jre1.8.0_60\lib\rt.jar;D:\Java8\jre1.8.0_60\lib\sunrsasign.jar;D:\Java8\jre1.8.0_60\lib\jsse.jar;D:\Java8\jre1.8.0_60\lib\jce.jar;D:\Java8\jre1.8.0_60\lib\charsets.jar;D:\Java8\jre1.8.0_60\lib\jfr.jar;D:\Java8\jre1.8.0_60\classes"/>
    <property name="java.vendor" value="Oracle Corporation"/>
    <property name="maven.home" value="D:\apache-maven-3.2.2"/>
    <property name="file.separator" value="\"/>
    <property name="java.vendor.url.bug" value="http://bugreport.sun.com/bugreport/"/>
    <property name="maven.bootclasspath" value="D:\apache-maven-3.2.2\boot\plexus-classworlds-2.5.1.jar"/>
    <property name="sun.cpu.endian" value="little"/>
    <property name="sun.io.unicode.encoding" value="UnicodeLittle"/>
    <property name="sun.desktop" value="windows"/>
    <property name="sun.cpu.isalist" value="amd64"/>
  </properties>
  <testcase classname="com.zyt.maven.HelloTest" name="testHello" time="0.005"/>
</testsuite>